INFO:root:Usuário registrado: PROPRIETARIO
Usuário registrado: PROPRIETARIO
INFO:root:Login bem-sucedido para PROPRIETARIO
Login bem-sucedido para PROPRIETARIO
INFO:root:Usuário deletado: PROPRIETARIO
Usuário deletado: PROPRIETARIO
INFO:root:Usuário registrado: bruno
Usuário registrado: bruno
INFO:root:Usuário registrado: bruno1
Usuário registrado: bruno1
INFO:root:Login bem-sucedido para bruno1
Login bem-sucedido para bruno1
INFO:root:Login bem-sucedido para bruno1
Login bem-sucedido para bruno1
INFO:root:Login bem-sucedido para bruno1
Login bem-sucedido para bruno1
INFO:root:Login bem-sucedido para bruno1
Login bem-sucedido para bruno1
INFO:root:Login bem-sucedido para bruno1
Login bem-sucedido para bruno1
INFO:root:Usuário deletado: bruno1
Usuário deletado: bruno1
INFO:root:Login bem-sucedido para proprietario
Login bem-sucedido para proprietario
